[debug] [2026-04-13T14:44:25.435Z] ----------------------------------------------------------------------
[debug] [2026-04-13T14:44:25.446Z] Command:       /usr/local/Cellar/node/24.8.0/bin/node /usr/local/bin/firebase init hosting:github
[debug] [2026-04-13T14:44:25.447Z] CLI Version:   15.9.0
[debug] [2026-04-13T14:44:25.447Z] Platform:      darwin
[debug] [2026-04-13T14:44:25.447Z] Node Version:  v24.8.0
[debug] [2026-04-13T14:44:25.448Z] Time:          Mon Apr 13 2026 10:44:25 GMT-0400 (Eastern Daylight Time)
[debug] [2026-04-13T14:44:25.449Z] ----------------------------------------------------------------------
[debug] 
[debug] [2026-04-13T14:44:25.452Z] >>> [apiv2][query] GET https://firebase-public.firebaseio.com/cli.json [none]
[info] 
     ######## #### ########  ######## ########     ###     ######  ########
     ##        ##  ##     ## ##       ##     ##  ##   ##  ##       ##
     ######    ##  ########  ######   ########  #########  ######  ######
     ##        ##  ##    ##  ##       ##     ## ##     ##       ## ##
     ##       #### ##     ## ######## ########  ##     ##  ######  ########

You're about to initialize a Firebase project in this directory:

  /Users/jing/Toronto Places

Before we get started, keep in mind:

  * You are initializing within an existing Firebase project directory

[info] 
=== Project Setup
[info] 
[info] First, let's associate this project directory with a Firebase project.
[info] You can create multiple project aliases by running firebase use --add, 
[info] 
[debug] [2026-04-13T14:44:27.101Z] > command requires scopes: ["email","openid","https://www.googleapis.com/auth/cloudplatformprojects.readonly","https://www.googleapis.com/auth/firebase","https://www.googleapis.com/auth/cloud-platform"]
[debug] [2026-04-13T14:44:27.104Z] > authorizing via signed-in user (ganjing0105@gmail.com)
[debug] [2026-04-13T14:44:27.105Z] Checked if tokens are valid: true, expires at: 1776094697708
[debug] [2026-04-13T14:44:27.105Z] Checked if tokens are valid: true, expires at: 1776094697708
[debug] [2026-04-13T14:44:27.105Z] >>> [apiv2][query] GET https://firebase.googleapis.com/v1beta1/projects/gen-lang-client-0129909190 [none]
[debug] [2026-04-13T14:44:27.235Z] <<< [apiv2][status] GET https://firebase-public.firebaseio.com/cli.json 200
[debug] [2026-04-13T14:44:27.235Z] <<< [apiv2][body] GET https://firebase-public.firebaseio.com/cli.json {"cloudBuildErrorAfter":1594252800000,"cloudBuildWarnAfter":1590019200000,"defaultNode10After":1594252800000,"minVersion":"3.0.5","node8DeploysDisabledAfter":1613390400000,"node8RuntimeDisabledAfter":1615809600000,"node8WarnAfter":1600128000000}
[debug] [2026-04-13T14:44:27.445Z] <<< [apiv2][status] GET https://firebase.googleapis.com/v1beta1/projects/gen-lang-client-0129909190 403
[debug] [2026-04-13T14:44:27.446Z] <<< [apiv2][body] GET https://firebase.googleapis.com/v1beta1/projects/gen-lang-client-0129909190 {"error":{"code":403,"message":"The caller does not have permission","status":"PERMISSION_DENIED"}}
[debug] [2026-04-13T14:44:27.448Z] Request to https://firebase.googleapis.com/v1beta1/projects/gen-lang-client-0129909190 had HTTP Error: 403, The caller does not have permission
[debug] [2026-04-13T14:44:27.547Z] FirebaseError: Request to https://firebase.googleapis.com/v1beta1/projects/gen-lang-client-0129909190 had HTTP Error: 403, The caller does not have permission
    at responseToError (/usr/local/lib/node_modules/firebase-tools/lib/responseToError.js:53:12)
    at RetryOperation._fn (/usr/local/lib/node_modules/firebase-tools/lib/apiv2.js:333:77)
    at process.processTicksAndRejections (node:internal/process/task_queues:105:5)
[error] 
[error] Error: Failed to get Firebase project gen-lang-client-0129909190. Please make sure the project exists and your account has permission to access it.
